==============================================================
File generated by Vivado(TM) HLS - High-Level Synthesis from C, C++ and SystemC
Version: 2018.2
Copyright (C) 1986-2018 Xilinx, Inc. All Rights Reserved.

==============================================================

INFO: [SYN 201-201] Setting up clock 'default' with a period of 10ns.
INFO: [HLS 200-10] Setting target device to 'xc7z020clg484-1'
INFO: [HLS 200-10] Analyzing design file 'dev_digits.cpp' ... 
INFO: [HLS 200-111] Finished Linking Time (s): cpu = 00:01:44 ; elapsed = 00:02:01 . Memory (MB): peak = 375.637 ; gain = 0.086 ; free physical = 450 ; free virtual = 1840
INFO: [HLS 200-111] Finished Checking Pragmas Time (s): cpu = 00:01:44 ; elapsed = 00:02:01 . Memory (MB): peak = 375.637 ; gain = 0.086 ; free physical = 450 ; free virtual = 1840
INFO: [HLS 200-10] Starting code transformations ...
INFO: [XFORM 203-603] Inlining function 'ap_fixed_base<12, 5, true, (ap_q_mode)0, (ap_o_mode)0, 0>::quantization_adjust' into 'ap_fixed_base<12, 5, true, (ap_q_mode)0, (ap_o_mode)0, 0>::ap_fixed_base.1' ().
INFO: [XFORM 203-603] Inlining function 'ap_fixed_base<12, 5, true, (ap_q_mode)0, (ap_o_mode)0, 0>::quantization_adjust' into 'ap_fixed_base<12, 5, true, (ap_q_mode)0, (ap_o_mode)0, 0>::ap_fixed_base<22, 7, true, (ap_q_mode)5, (ap_o_mode)3, 0>.1' ().
INFO: [XFORM 203-603] Inlining function 'ap_fixed_base<12, 5, true, (ap_q_mode)0, (ap_o_mode)0, 0>::quantization_adjust' into 'ap_fixed_base<12, 5, true, (ap_q_mode)0, (ap_o_mode)0, 0>::ap_fixed_base<22, 6, true, (ap_q_mode)5, (ap_o_mode)3, 0>.1' ().
INFO: [XFORM 203-603] Inlining function 'ap_fixed_base<12, 5, true, (ap_q_mode)0, (ap_o_mode)0, 0>::quantization_adjust' into 'ap_fixed_base<12, 5, true, (ap_q_mode)0, (ap_o_mode)0, 0>::ap_fixed_base<9, 1, true, (ap_q_mode)0, (ap_o_mode)0, 0>' ().
INFO: [XFORM 203-603] Inlining function 'ap_fixed_base<12, 5, true, (ap_q_mode)0, (ap_o_mode)0, 0>::overflow_adjust' into 'ap_fixed_base<12, 5, true, (ap_q_mode)0, (ap_o_mode)0, 0>::ap_fixed_base<13, 6, true, (ap_q_mode)5, (ap_o_mode)3, 0>' ().
INFO: [XFORM 203-603] Inlining function 'ap_fixed_base<12, 5, true, (ap_q_mode)0, (ap_o_mode)0, 0>::overflow_adjust' into 'ap_fixed_base<12, 5, true, (ap_q_mode)0, (ap_o_mode)0, 0>::ap_fixed_base.1' ().
INFO: [XFORM 203-603] Inlining function 'ap_fixed_base<12, 5, true, (ap_q_mode)0, (ap_o_mode)0, 0>::overflow_adjust' into 'ap_fixed_base<12, 5, true, (ap_q_mode)0, (ap_o_mode)0, 0>::ap_fixed_base<22, 7, true, (ap_q_mode)5, (ap_o_mode)3, 0>.1' ().
INFO: [XFORM 203-603] Inlining function 'ap_fixed_base<12, 5, true, (ap_q_mode)0, (ap_o_mode)0, 0>::overflow_adjust' into 'ap_fixed_base<12, 5, true, (ap_q_mode)0, (ap_o_mode)0, 0>::ap_fixed_base<32, 32, true, (ap_q_mode)5, (ap_o_mode)3, 0>.1' ().
INFO: [XFORM 203-603] Inlining function 'ap_fixed_base<12, 5, true, (ap_q_mode)0, (ap_o_mode)0, 0>::overflow_adjust' into 'ap_fixed_base<12, 5, true, (ap_q_mode)0, (ap_o_mode)0, 0>::ap_fixed_base<22, 6, true, (ap_q_mode)5, (ap_o_mode)3, 0>.1' ().
INFO: [XFORM 203-603] Inlining function 'ap_fixed_base<12, 5, true, (ap_q_mode)0, (ap_o_mode)0, 0>::to_float' into 'dev_digits_classify' (dev_digits.cpp:66).
INFO: [XFORM 203-603] Inlining function 'ap_fixed_base<9, 1, true, (ap_q_mode)0, (ap_o_mode)0, 0>::overflow_adjust' into 'ap_fixed_base<9, 1, true, (ap_q_mode)0, (ap_o_mode)0, 0>::ap_fixed_base<20, 13, true, (ap_q_mode)5, (ap_o_mode)3, 0>' ().
INFO: [HLS 200-111] Finished Standard Transforms Time (s): cpu = 00:02:11 ; elapsed = 00:02:29 . Memory (MB): peak = 567.551 ; gain = 192.000 ; free physical = 400 ; free virtual = 1809
INFO: [HLS 200-10] Checking synthesizability ...
INFO: [XFORM 203-602] Inlining function 'std::exp' into 'dev_digits_classify' (dev_digits.cpp:66) automatically.
WARNING: [SYNCHK 200-23] dev_digits.cpp:66: variable-indexed range selection may cause suboptimal QoR.
INFO: [SYNCHK 200-10] 0 error(s), 1 warning(s).
INFO: [HLS 200-111] Finished Checking Synthesizability Time (s): cpu = 00:02:11 ; elapsed = 00:02:29 . Memory (MB): peak = 567.551 ; gain = 192.000 ; free physical = 397 ; free virtual = 1809
INFO: [XFORM 203-502] Unrolling small iteration loop 'Loop-1.1.1.1' (./operators.h:26) in function 'convolve' automatically.
INFO: [XFORM 203-501] Unrolling loop 'Loop-1.1.1.1' (./operators.h:26) in function 'convolve' completely.
INFO: [XFORM 203-501] Unrolling loop 'Loop-1.1.1.1.1.1' (./operators.h:29) in function 'convolve' completely.
INFO: [XFORM 203-102] Automatically partitioning small array 'pool_window_row.V' (./operators.h:18) completely based on array size.
INFO: [XFORM 203-101] Partitioning array 'pool_window_row.V' (./operators.h:18) in dimension 1 completely.
INFO: [XFORM 203-602] Inlining function 'std::exp' into 'dev_digits_classify' (dev_digits.cpp:66) automatically.
INFO: [XFORM 203-401] Performing if-conversion on hyperblock from (dev_digits.cpp:58:27) to (dev_digits.cpp:57:32) in function 'dev_digits_classify'... converting 9 basic blocks.
INFO: [XFORM 203-401] Performing if-conversion on hyperblock from (dev_digits.cpp:66:6) to (dev_digits.cpp:64:28) in function 'dev_digits_classify'... converting 41 basic blocks.
INFO: [XFORM 203-401] Performing if-conversion on hyperblock from (dev_digits.cpp:71:8) to (dev_digits.cpp:69:30) in function 'dev_digits_classify'... converting 5 basic blocks.
INFO: [XFORM 203-401] Performing if-conversion on hyperblock from (./operators.h:147:9) to (./operators.h:145:30) in function 'densifyto64'... converting 9 basic blocks.
INFO: [XFORM 203-401] Performing if-conversion on hyperblock from (./operators.h:36:61) to (./operators.h:27:59) in function 'convolve'... converting 21 basic blocks.
INFO: [XFORM 203-401] Performing if-conversion on hyperblock from (./operators.h:52:19) to (./operators.h:53:19) in function 'convolve'... converting 6 basic blocks.
INFO: [HLS 200-111] Finished Pre-synthesis Time (s): cpu = 00:02:13 ; elapsed = 00:02:31 . Memory (MB): peak = 567.551 ; gain = 192.000 ; free physical = 372 ; free virtual = 1793
INFO: [HLS 200-111] Finished Architecture Synthesis Time (s): cpu = 00:02:14 ; elapsed = 00:02:32 . Memory (MB): peak = 567.551 ; gain = 192.000 ; free physical = 363 ; free virtual = 1784
INFO: [HLS 200-10] Starting hardware synthesis ...
INFO: [HLS 200-10] Synthesizing 'dev_digits_classify' ...
INFO: [HLS 200-10] ----------------------------------------------------------------
INFO: [HLS 200-42] -- Implementing module 'convolve' 
INFO: [HLS 200-10] ----------------------------------------------------------------
INFO: [SCHED 204-11] Starting scheduling ...
INFO: [SCHED 204-11] Finished scheduling.
INFO: [HLS 200-111]  Elapsed time: 152.99 seconds; current allocated memory: 171.826 MB.
INFO: [HLS 200-434] Only 0 loops out of a total 6 loops have been pipelined in this design.
INFO: [BIND 205-100] Starting micro-architecture generation ...
INFO: [BIND 205-101] Performing variable lifetime analysis.
INFO: [BIND 205-101] Exploring resource sharing.
INFO: [BIND 205-101] Binding ...
INFO: [BIND 205-100] Finished micro-architecture generation.
INFO: [HLS 200-111]  Elapsed time: 1.06 seconds; current allocated memory: 173.060 MB.
INFO: [HLS 200-10] ----------------------------------------------------------------
INFO: [HLS 200-42] -- Implementing module 'densifyto64' 
INFO: [HLS 200-10] ----------------------------------------------------------------
INFO: [SCHED 204-11] Starting scheduling ...
INFO: [SCHED 204-11] Finished scheduling.
INFO: [HLS 200-111]  Elapsed time: 1.25 seconds; current allocated memory: 173.566 MB.
INFO: [BIND 205-100] Starting micro-architecture generation ...
INFO: [BIND 205-101] Performing variable lifetime analysis.
INFO: [BIND 205-101] Exploring resource sharing.
INFO: [BIND 205-101] Binding ...
INFO: [BIND 205-100] Finished micro-architecture generation.
INFO: [HLS 200-111]  Elapsed time: 0.27 seconds; current allocated memory: 173.886 MB.
INFO: [HLS 200-10] ----------------------------------------------------------------
INFO: [HLS 200-42] -- Implementing module 'dev_digits_classify' 
INFO: [HLS 200-10] ----------------------------------------------------------------
INFO: [SCHED 204-11] Starting scheduling ...
INFO: [SCHED 204-11] Finished scheduling.
INFO: [HLS 200-111]  Elapsed time: 1.32 seconds; current allocated memory: 175.176 MB.
INFO: [BIND 205-100] Starting micro-architecture generation ...
INFO: [BIND 205-101] Performing variable lifetime analysis.
INFO: [BIND 205-101]