

================================================================
== Vivado HLS Report for 'convolve'
================================================================
* Date:           Wed May 15 22:09:36 2019

* Version:        2018.2 (Build 2258646 on Thu Jun 14 20:25:20 MDT 2018)
* Project:        dev_fused
* Solution:       solution4
* Product family: zynq
* Target device:  xc7z020clg484-1


================================================================
== Performance Estimates
================================================================
+ Timing (ns): 
    * Summary: 
    +--------+-------+----------+------------+
    |  Clock | Target| Estimated| Uncertainty|
    +--------+-------+----------+------------+
    |ap_clk  |  10.00|     8.677|        1.25|
    +--------+-------+----------+------------+

+ Latency (clock cycles): 
    * Summary: 
    +--------+--------+--------+--------+---------+
    |     Latency     |     Interval    | Pipeline|
    |   min  |   max  |   min  |   max  |   Type  |
    +--------+--------+--------+--------+---------+
    |  208958|  236398|  208958|  236398|   none  |
    +--------+--------+--------+--------+---------+

    + Detail: 
        * Instance: 
        N/A

        * Loop: 
        +---------------------+--------+--------+---------------+-----------+-----------+------+----------+
        |                     |     Latency     |   Iteration   |  Initiation Interval  | Trip |          |
        |      Loop Name      |   min  |   max  |    Latency    |  achieved |   target  | Count| Pipelined|
        +---------------------+--------+--------+---------------+-----------+-----------+------+----------+
        |- Loop 1             |  208957|  236397| 29851 ~ 33771 |          -|          -|     7|    no    |
        | + Loop 1.1          |   29848|   33768|  1066 ~ 1206  |          -|          -|    28|    no    |
        |  ++ Loop 1.1.1      |    1064|    1204|    38 ~ 43    |          -|          -|    28|    no    |
        |   +++ Loop 1.1.1.1  |      35|      35|              7|          -|          -|     5|    no    |
        |   +++ Loop 1.1.1.2  |       4|       4|              1|          -|          -|     4|    no    |
        |   +++ Loop 1.1.1.3  |       4|       4|              1|          -|          -|     4|    no    |
        +---------------------+--------+--------+---------------+-----------+-----------+------+----------+



================================================================
== Utilization Estimates
================================================================
* Summary: 
+-----------------+---------+-------+--------+-------+
|       Name      | BRAM_18K| DSP48E|   FF   |  LUT  |
+-----------------+---------+-------+--------+-------+
|DSP              |        -|      1|       -|      -|
|Expression       |        -|      0|       0|   1377|
|FIFO             |        -|      -|       -|      -|
|Instance         |        -|      -|       0|     42|
|Memory           |        1|      -|       8|      1|
|Multiplexer      |        -|      -|       -|    257|
|Register         |        -|      -|     418|      -|
+-----------------+---------+-------+--------+-------+
|Total            |        1|      1|     426|   1677|
+-----------------+---------+-------+--------+-------+
|Available        |      280|    220|  106400|  53200|
+-----------------+---------+-------+--------+-------+
|Utilization (%)  |    ~0   |   ~0  |   ~0   |      3|
+-----------------+---------+-------+--------+-------+

+ Detail: 
    * Instance: 
    +-------------------------+----------------------+---------+-------+---+----+
    |         Instance        |        Module        | BRAM_18K| DSP48E| FF| LUT|
    +-------------------------+----------------------+---------+-------+---+----+
    |dev_digits_classidEe_U1  |dev_digits_classidEe  |        0|      0|  0|  21|
    |dev_digits_classidEe_U2  |dev_digits_classidEe  |        0|      0|  0|  21|
    +-------------------------+----------------------+---------+-------+---+----+
    |Total                    |                      |        0|      0|  0|  42|
    +-------------------------+----------------------+---------+-------+---+----+

    * DSP48: 
    +-------------------------+----------------------+--------------+
    |         Instance        |        Module        |  Expression  |
    +-------------------------+----------------------+--------------+
    |dev_digits_classieOg_U3  |dev_digits_classieOg  | i0 + i1 * i2 |
    +-------------------------+----------------------+--------------+

    * Memory: 
    +-------------------------+----------------------+---------+---+----+------+-----+------+-------------+
    |          Memory         |        Module        | BRAM_18K| FF| LUT| Words| Bits| Banks| W*Bits*Banks|
    +-------------------------+----------------------+---------+---+----+------+-----+------+-------------+
    |biases_convolution_V_U   |convolve_biases_cbkb  |        0|  8|   1|     7|    8|     1|           56|
    |weights_convolution_s_U  |convolve_weights_cud  |        1|  0|   0|   175|    9|     1|         1575|
    +-------------------------+----------------------+---------+---+----+------+-----+------+-------------+
    |Total                    |                      |        1|  8|   1|   182|   17|     2|         1631|
    +-------------------------+----------------------+---------+---+----+------+-----+------+-------------+

    * FIFO: 
    N/A

    * Expression: 
    +-----------------------------------+----------+-------+---+----+------------+------------+
    |           Variable Name           | Operation| DSP48E| FF| LUT| Bitwidth P0| Bitwidth P1|
    +-----------------------------------+----------+-------+---+----+------------+------------+
    |p_Val2_37_0_1_fu_896_p2            |     *    |      0|  0|  51|           9|           9|
    |p_Val2_37_0_2_fu_1117_p2           |     *    |      0|  0|  51|           9|           9|
    |p_Val2_37_0_3_fu_1338_p2           |     *    |      0|  0|  51|           9|           9|
    |p_Val2_37_0_4_fu_1559_p2           |     *    |      0|  0|  51|           9|           9|
    |p_Val2_s_45_fu_698_p2              |     *    |      0|  0|  51|           9|           9|
    |filter_y_1_fu_501_p2               |     +    |      0|  0|  12|           3|           1|
    |i_6_fu_1843_p2                     |     +    |      0|  0|  12|           3|           1|
    |i_7_fu_1782_p2                     |     +    |      0|  0|  12|           3|           1|
    |index_data_0_1_fu_717_p2           |     +    |      0|  0|  14|          10|           1|
    |index_data_0_2_fu_947_p2           |     +    |      0|  0|  14|          10|           2|
    |index_data_0_3_fu_1168_p2          |     +    |      0|  0|  14|          10|           2|
    |index_data_0_4_fu_1389_p2          |     +    |      0|  0|  14|          10|           3|
    |index_weight_0_1_fu_712_p2         |     +    |      0|  0|  15|           8|           3|
    |index_weight_0_2_fu_942_p2         |     +    |      0|  0|  15|           8|           4|
    |index_weight_0_3_fu_1163_p2        |     +    |      0|  0|  15|           8|           5|
    |index_weight_0_4_fu_1384_p2        |     +    |      0|  0|  15|           8|           5|
    |index_weight_fu_523_p2             |     +    |      0|  0|  15|           8|           8|
    |next_mul_fu_507_p2                 |     +    |      0|  0|  15|           8|           6|
    |out_channel_1_fu_399_p2            |     +    |      0|  0|  12|           3|           1|
    |out_x_1_fu_473_p2                  |     +    |      0|  0|  15|           1|           5|
    |out_y_1_fu_434_p2                  |     +    |      0|  0|  15|           1|           5|
    |p_Val2_18_fu_747_p2                |     +    |      0|  0|  29|          22|          22|
    |p_Val2_20_fu_782_p2                |     +    |      0|  0|  12|          12|          12|
    |p_Val2_29_fu_486_p2                |     +    |      0|  0|  15|           8|           8|
    |p_Val2_38_0_1_fu_968_p2            |     +    |      0|  0|  29|          22|          22|
    |p_Val2_38_0_2_fu_1189_p2           |     +    |      0|  0|  29|          22|          22|
    |p_Val2_38_0_3_fu_1410_p2           |     +    |      0|  0|  29|          22|          22|
    |p_Val2_38_0_4_fu_1611_p2           |     +    |      0|  0|  29|          22|          22|
    |p_Val2_40_0_1_fu_1003_p2           |     +    |      0|  0|  12|          12|          12|
    |p_Val2_40_0_2_fu_1224_p2           |     +    |      0|  0|  12|          12|          12|
    |p_Val2_40_0_3_fu_1445_p2           |     +    |      0|  0|  12|          12|          12|
    |p_Val2_40_0_4_fu_1646_p2           |     +    |      0|  0|  12|          12|          12|
    |tmp_76_fu_517_p2                   |     +    |      0|  0|  15|           5|           5|
    |tmp_86_fu_676_p2                   |     +    |      0|  0|  14|          10|          10|
    |tmp_89_fu_1903_p2                  |     +    |      0|  0|  14|          10|          10|
    |tmp_85_fu_666_p2                   |     -    |      0|  0|  15|           7|           7|
    |tmp_88_fu_1893_p2                  |     -    |      0|  0|  15|           7|           7|
    |brmerge40_demorgan_i_1_fu_1073_p2  |    and   |      0|  0|   2|           1|           1|
    |brmerge40_demorgan_i_2_fu_1294_p2  |    and   |      0|  0|   2|           1|           1|
    |brmerge40_demorgan_i_3_fu_1515_p2  |    and   |      0|  0|   2|           1|           1|
    |brmerge40_demorgan_i_4_fu_1716_p2  |    and   |      0|  0|   2|           1|           1|
    |brmerge40_demorgan_i_fu_852_p2     |    and   |      0|  0|   2|           1|           1|
    |carry_7_0_1_fu_1023_p2             |    and   |      0|  0|   2|           1|           1|
    |carry_7_0_2_fu_1244_p2             |    and   |      0|  0|   2|           1|           1|
    |carry_7_0_3_fu_1465_p2             |    and   |      0|  0|   2|           1|           1|
    |carry_7_0_4_fu_1666_p2             |    and   |      0|  0|   2|           1|           1|
    |carry_7_fu_802_p2                  |    and   |      0|  0|   2|           1|           1|
    |overflow_0_1_fu_1067_p2            |    and   |      0|  0|   2|           1|           1|
    |overflow_0_2_fu_1288_p2            |    and   |      0|  0|   2|           1|           1|
    |overflow_0_3_fu_1509_p2            |    and   |      0|  0|   2|           1|           1|
    |overflow_0_4_fu_1710_p2            |    and   |      0|  0|   2|           1|           1|
    |overflow_fu_846_p2                 |    and   |      0|  0|   2|           1|           1|
    |underflow_0_1_fu_1085_p2           |    and   |      0|  0|   2|           1|           1|
    |underflow_0_2_fu_1306_p2           |    and   |      0|  0|   2|           1|           1|
    |underflow_0_3_fu_1527_p2           |    and   |      0|  0|   2|           1|           1|
    |underflow_0_4_fu_1728_p2           |    and   |      0|  0|   2|           1|           1|
    |underflow_fu_864_p2                |    and   |      0|  0|   2|           1|           1|
    |exitcond1_fu_467_p2                |   icmp   |      0|  0|  11|           5|           4|
    |exitcond3_fu_495_p2                |   icmp   |      0|  0|   9|           3|           3|
    |exitcond4_fu_1837_p2               |   icmp   |      0|  0|   9|           3|           4|
    |exitcond8_fu_393_p2                |   icmp   |      0|  0|   9|           3|           2|
    |exitcond9_fu_428_p2                |   icmp   |      0|  0|  11|           5|           4|
    |exitcond_fu_1776_p2                |   icmp   |      0|  0|   9|           3|           4|
    |sel_tmp6_fu_571_p2                 |   icmp   |      0|  0|   8|           2|           1|
    |sel_tmp8_fu_584_p2                 |   icmp   |      0|  0|   8|           2|           1|
    |sel_tmp_fu_558_p2                  |   icmp   |      0|  0|   9|           2|           3|
    |tmp_72_fu_440_p2                   |   icmp   |      0|  0|   8|           2|           1|
    |tmp_75_fu_645_p2                   |   icmp   |      0|  0|   8|           2|           2|
    |tmp_92_fu_1863_p2                  |   icmp   |      0|  0|  13|          12|          12|
    |tmp_93_fu_1816_p2                  |   icmp   |      0|  0|  13|          12|          12|
    |tmp_94_fu_1802_p2                  |   icmp   |      0|  0|  13|          12|          12|
    |brmerge_i_i_0_1_fu_1061_p2         |    or    |      0|  0|   2|           1|           1|
    |brmerge_i_i_0_2_fu_1282_p2         |    or    |      0|  0|   2|           1|           1|
    |brmerge_i_i_0_3_fu_1503_p2         |    or    |      0|  0|   2|           1|           1|
    |brmerge_i_i_0_4_fu_1704_p2         |    or    |      0|  0|   2|           1|           1|
    |brmerge_i_i_fu_840_p2              |    or    |      0|  0|   2|           1|           1|
    |brmerge_i_i_i_0_1_fu_1091_p2       |    or    |      0|  0|   2|           1|           1|
    |brmerge_i_i_i_0_2_fu_1312_p2       |    or    |      0|  0|   2|           1|           1|
    |brmerge_i_i_i_0_3_fu_1533_p2       |    or    |      0|  0|   2|           1|           1|
    |brmerge_i_i_i_0_4_fu_1734_p2       |    or    |      0|  0|   2|           1|           1|
    |brmerge_i_i_i_fu_870_p2            |    or    |      0|  0|   2|           1|           1|
    |tmp29_fu_876_p2                    |    or    |      0|  0|   2|           1|           1|
    |tmp31_fu_1097_p2                   |    or    |      0|  0|   2|           1|           1|
    |tmp33_fu_1318_p2                   |    or    |      0|  0|   2|           1|           1|
    |tmp35_fu_1539_p2                   |    or    |      0|  0|   2|           1|           1|
    |tmp37_fu_1740_p2                   |    or    |      0|  0|   2|           1|           1|
    |tmp_168_0_1_fu_1049_p2             |    or    |      0|  0|   2|           1|           1|
    |tmp_168_0_2_fu_1270_p2             |    or    |      0|  0|   2|           1|           1|
    |tmp_168_0_3_fu_1491_p2             |    or    |      0|  0|   2|           1|           1|
    |tmp_168_0_4_fu_1692_p2             |    or    |      0|  0|   2|           1|           1|
    |tmp_84_fu_828_p2                   |    or    |      0|  0|   2|           1|           1|
    |underflow_0_0_not_fu_882_p2        |    or    |      0|  0|   2|           1|           1|
    |underflow_0_1_not_fu_1103_p2       |    or    |      0|  0|   2|           1|           1|
    |underflow_0_2_not_fu_1324_p2       |    or    |      0|  0|   2|           1|           1|
    |underflow_0_3_not_fu_1545_p2       |    or    |      0|  0|   2|           1|           1|
    |underflow_0_4_not_fu_1746_p2       |    or    |      0|  0|   2|           1|           1|
    |current_el_V_0_4_fu_1768_p3        |  select  |      0|  0|  12|           1|          12|
    |deleted_ones_0_1_fu_1035_p3        |  select  |      0|  0|   2|           1|           1|
    |deleted_ones_0_2_fu_1256_p3        |  select  |      0|  0|   2|           1|           1|
    |deleted_ones_0_3_fu_1477_p3        |  select  |      0|  0|   2|           1|           1|
    |deleted_ones_0_4_fu_1678_p3        |  select  |      0|  0|   2|           1|           1|
    |deleted_ones_fu_814_p3             |  select  |      0|  0|   2|           1|           1|
    |p_058_2_50_fu_1808_p3              |  select  |      0|  0|  12|           1|          12|
    |p_Val2_40_0_4_46_fu_1760_p3        |  select  |      0|  0|  13|           1|          13|
    |p_Val2_40_0_4_mux_fu_1752_p3       |  select  |      0|  0|  12|           1|          11|
    |p_s_48_fu_1869_p3                  |  select  |      0|  0|  12|           1|          12|
    |pool_window_row_0_V_14_fu_621_p3   |  select  |      0|  0|  12|           1|          12|
    |pool_window_row_0_V_15_fu_629_p3   |  select  |      0|  0|  12|           1|          12|
    |pool_window_row_0_V_3_fu_637_p3    |  select  |      0|  0|  12|           1|          12|
    |pool_window_row_0_V_4_fu_576_p3    |  select  |      0|  0|  12|           1|          12|
    |pool_window_row_0_V_5_fu_589_p3    |  select  |      0|  0|  12|           1|          12|
    |pool_window_row_0_V_6_fu_597_p3    |  select  |      0|  0|  12|           1|          12|
    |pool_window_row_0_V_7_fu_605_p3    |  select  |      0|  0|  12|           1|          12|
    |pool_window_row_0_V_8_fu_613_p3    |  select  |      0|  0|  12|           1|          12|
    |pool_window_row_0_V_fu_563_p3      |  select  |      0|  0|  12|           1|          12|
    |tmp_61_fu_910_p3                   |  select  |      0|  0|  13|           1|          13|
    |tmp_62_fu_918_p3                   |  select  |      0|  0|  12|           1|          12|
    |tmp_63_fu_1123_p3                  |  select  |      0|  0|  12|           1|          11|
    |tmp_64_fu_1131_p3                  |  select  |      0|  0|  13|           1|          13|
    |tmp_65_fu_1139_p3                  |  select  |      0|  0|  12|           1|          12|
    |tmp_66_fu_1344_p3                  |  select  |      0|  0|  12|           1|          11|
    |tmp_67_fu_1352_p3                  |  select  |      0|  0|  13|           1|          13|
    |tmp_68_fu_1360_p3                  |  select  |      0|  0|  12|           1|          12|
    |tmp_69_fu_1565_p3                  |  select  |      0|  0|  12|           1|          11|
    |tmp_70_fu_1573_p3                  |  select  |      0|  0|  13|           1|          13|
    |tmp_71_fu_1581_p3                  |  select  |      0|  0|  12|           1|          12|
    |tmp_fu_902_p3                      |  select  |      0|  0|  12|           1|          11|
    |p_Result_50_0_1_no_fu_1043_p2      |    xor   |      0|  0|   2|           1|           2|
    |p_Result_50_0_2_no_fu_1264_p2      |    xor   |      0|  0|   2|           1|           2|
    |p_Result_50_0_3_no_fu_1485_p2      |    xor   |      0|  0|   2|           1|           2|
    |p_Result_50_0_4_no_fu_1686_p2      |    xor   |      0|  0|   2|           1|           2|
    |p_Result_50_not_fu_822_p2          |    xor   |      0|  0|   2|           1|           2|
    |p_not_i_i_0_1_fu_1055_p2           |    xor   |      0|  0|   2|           1|           1|
    |p_not_i_i_0_2_fu_1276_p2           |    xor   |      0|  0|   2|           1|           1|
    |p_not_i_i_0_3_fu_1497_p2           |    xor   |      0|  0|   2|           1|           1|
    |p_not_i_i_0_4_fu_1698_p2           |    xor   |      0|  0|   2|           1|           1|
    |p_not_i_i_fu_834_p2                |    xor   |      0|  0|   2|           1|           1|
    |tmp28_fu_858_p2                    |    xor   |      0|  0|   2|           1|           1|
    |tmp30_fu_1079_p2                   |    xor   |      0|  0|   2|           1|           1|
    |tmp32_fu_1300_p2                   |    xor   |      0|  0|   2|           1|           1|
    |tmp34_fu_1521_p2                   |    xor   |      0|  0|   2|           1|           1|
    |tmp36_fu_1722_p2                   |    xor   |      0|  0|   2|           1|           1|
    |tmp_165_0_1_fu_1017_p2             |    xor   |      0|  0|   2|           1|           2|
    |tmp_165_0_2_fu_1238_p2             |    xor   |      0|  0|   2|           1|           2|
    |tmp_165_0_3_fu_1459_p2             |    xor   |      0|  0|   2|           1|           2|
    |tmp_165_0_4_fu_1660_p2             |    xor   |      0|  0|   2|           1|           2|
    |tmp_167_0_1_fu_1029_p2             |    xor   |      0|  0|   2|           1|           2|
    |tmp_167_0_2_fu_1250_p2             |    xor   |      0|  0|   2|           1|           2|
    |tmp_167_0_3_fu_1471_p2             |    xor   |      0|  0|   2|           1|           2|
    |tmp_167_0_4_fu_1672_p2             |    xor   |      0|  0|   2|           1|           2|
    |tmp_82_fu_796_p2                   |    xor   |      0|  0|   2|           1|           2|
    |tmp_83_fu_808_p2                   |    xor   |      0|  0|   2|           1|           2|
    +-----------------------------------+----------+-------+---+----+------------+------------+
    |Total                              |          |      0|  0|1377|         533|         782|
    +-----------------------------------+----------+-------+---+----+------------+------------+

    * Multiplexer: 
    +--------------------------------+----+-----------+-----+-----------+
    |              Name              | LUT| Input Size| Bits| Total Bits|
    +--------------------------------+----+-----------+-----+-----------+
    |ap_NS_fsm                       |  65|         16|    1|         16|
    |filter_y_reg_307                |   9|          2|    3|          6|
    |i1_reg_341                      |   9|          2|    3|          6|
    |i_reg_364                       |   9|          2|    3|          6|
    |in_V_address0                   |  33|          6|   10|         60|
    |out_channel_reg_262             |   9|          2|    3|          6|
    |out_x_reg_285                   |   9|          2|    5|         10|
    |out_y_reg_273                   |   9|          2|    5|         10|
    |outpool_V_address0              |  21|          4|    9|         36|
    |outpool_V_d0                    |  15|          3|   12|         36|
    |p_058_2_reg_329                 |   9|          2|   12|         24|
    |p_s_reg_352                     |   9|          2|   12|         24|
    |phi_mul_reg_318                 |   9|          2|    8|         16|
    |pool_window_row_3_V_reg_297     |   9|          2|   12|         24|
    |weights_convolution_s_address0  |  33|          6|    8|         48|
    +--------------------------------+----+-----------+-----+-----------+
    |Total                           | 257|         55|  106|        328|
    +--------------------------------+----+-----------+-----+-----------+

    * Register: 
    +---------------------------------+----+----+-----+-----------+
    |               Name              | FF | LUT| Bits| Const Bits|
    +---------------------------------+----+----+-----+-----------+
    |ap_CS_fsm                        |  15|   0|   15|          0|
    |filter_y_1_reg_2024              |   3|   0|    3|          0|
    |filter_y_reg_307                 |   3|   0|    3|          0|
    |i1_reg_341                       |   3|   0|    3|          0|
    |i_reg_364                        |   3|   0|    3|          0|
    |index_data_reg_2042              |  10|   0|   10|          0|
    |index_weight_reg_2034            |   8|   0|    8|          0|
    |max_y_V_reg_2212                 |  12|   0|   12|          0|
    |next_mul_reg_2029                |   8|   0|    8|          0|
    |out_channel_1_reg_1962           |   3|   0|    3|          0|
    |out_channel_cast1_reg_1954       |   3|   0|    9|          6|
    |out_channel_cast_reg_1949        |   3|   0|    8|          5|
    |out_channel_reg_262              |   3|   0|    3|          0|
    |out_x_1_reg_2011                 |   5|   0|    5|          0|
    |out_x_reg_285                    |   5|   0|    5|          0|
    |out_y_1_reg_1985                 |   5|   0|    5|          0|
    |out_y_reg_273                    |   5|   0|    5|          0|
    |outpool_V_addr_reg_2092          |   9|   0|    9|          0|
    |p_058_2_reg_329                  |  12|   0|   12|          0|
    |p_Val2_37_0_1_reg_2117           |  18|   0|   18|          0|
    |p_Val2_37_0_2_reg_2142           |  18|   0|   18|          0|
    |p_Val2_37_0_3_reg_2167           |  18|   0|   18|          0|
    |p_Val2_37_0_4_reg_2192           |  18|   0|   18|          0|
    |p_Val2_39_cast_cas_reg_1977      |   8|   0|    8|          0|
    |p_Val2_s_45_reg_2097             |  18|   0|   18|          0|
    |p_Val2_s_reg_1972                |   8|   0|    8|          0|
    |p_s_reg_352                      |  12|   0|   12|          0|
    |phi_mul_reg_318                  |   8|   0|    8|          0|
    |pool_window_row_0_V_12_fu_134    |  12|   0|   12|          0|
    |pool_window_row_0_V_15_reg_2074  |  12|   0|   12|          0|
    |pool_window_row_0_V_1_fu_122     |  12|   0|   12|          0|
    |pool_window_row_0_V_2_fu_126     |  12|   0|   12|          0|
    |pool_window_row_0_V_3_reg_2081   |  12|   0|   12|          0|
    |pool_window_row_0_V_5_reg_2060   |  12|   0|   12|          0|
    |pool_window_row_0_V_8_reg_2067   |  12|   0|   12|          0|
    |pool_window_row_0_V_9_fu_130     |  12|   0|   12|          0|
    |pool_window_row_3_V_reg_297      |  12|   0|   12|          0|
    |tmp_101_cast_reg_1994            |   9|   0|   10|          1|
    |tmp_102_reg_2102                 |   1|   0|    1|          0|
    |tmp_106_reg_2127                 |   1|   0|    1|          0|
    |tmp_110_reg_2152                 |   1|   0|    1|          0|
    |tmp_114_reg_2177                 |   1|   0|    1|          0|
    |tmp_118_reg_2202                 |   1|   0|    1|          0|
    |tmp_157_0_1_reg_2122             |  12|   0|   21|          9|
    |tmp_157_0_2_reg_2147             |  12|   0|   21|          9|
    |tmp_157_0_3_reg_2172             |  12|   0|   21|          9|
    |tmp_157_0_4_reg_2197             |  12|   0|   21|          9|
    |tmp_72_reg_1990                  |   1|   0|    1|          0|
    |tmp_75_reg_2088                  |   1|   0|    1|          0|
    |tmp_99_reg_2000                  |   2|   0|    2|          0|
    +---------------------------------+----+----+-----+-----------+
    |Total                            | 418|   0|  466|         48|
    +---------------------------------+----+----+-----+-----------+



================================================================
== Interface
================================================================
* Summary: 
+--------------------+-----+-----+------------+--------------+--------------+
|      RTL Ports     | Dir | Bits|  Protocol  | Source Object|    C Type    |
+--------------------+-----+-----+------------+--------------+--------------+
|ap_clk              |  in |    1| ap_ctrl_hs |   convolve   | return value |
|ap_rst              |  in |    1| ap_ctrl_hs |   convolve   | return value |
|ap_start            |  in |    1| ap_ctrl_hs |   convolve   | return value |
|ap_done             | out |    1| ap_ctrl_hs |   convolve   | return value |
|ap_idle             | out |    1| ap_ctrl_hs |   convolve   | return value |
|ap_ready            | out |    1| ap_ctrl_hs |   convolve   | return value |
|in_V_address0       | out |   10|  ap_memory |     in_V     |     array    |
|in_V_ce0            | out |    1|  ap_memory |     in_V     |     array    |
|in_V_q0             |  in |    9|  ap_memory |     in_V     |     array    |
|outpool_V_address0  | out |    9|  ap_memory |   outpool_V  |     array    |
|outpool_V_ce0       | out |    1|  ap_memory |   outpool_V  |     array    |
|outpool_V_we0       | out |    1|  ap_memory |   outpool_V  |     array    |
|outpool_V_d0        | out |   12|  ap_memory |   outpool_V  |     array    |
|outpool_V_q0        |  in |   12|  ap_memory |   outpool_V  |     array    |
+--------------------+-----+-----+------------+--------------+--------------+

